<?xml version="1.0" encoding="UTF-8"?>
<!-- Generated by org.testng.reporters.JUnitReportReporter -->
<testsuite skipped="1" hostname="ForeVision" name="com.Testlog4j.TestData" tests="2" failures="0" timestamp="2020-08-13T18:13:12 IST" time="49.814" errors="1">
  <testcase name="testData" time="0.000" classname="com.Testlog4j.TestData">
    <skipped/>
  </testcase> <!-- testData -->
  <testcase name="lanchBrowser" time="49.814" classname="com.Testlog4j.TestData">
    <error type="org.openqa.selenium.SessionNotCreatedException" message="session not created
from disconnected: received Inspector.detached event
  (Session info: chrome=84.0.4147.125)
Build info: version: &#039;3.141.59&#039;, revision: &#039;e82be7d358&#039;, time: &#039;2018-11-14T08:17:03&#039;
System info: host: &#039;FOREVISION&#039;, ip: &#039;192.168.0.117&#039;, os.name: &#039;Windows 10&#039;, os.arch: &#039;amd64&#039;, os.version: &#039;10.0&#039;, java.version: &#039;1.8.0_241&#039;
Driver info: driver.version: ChromeDriver
remote stacktrace: Backtrace:
	Ordinal0 [0x00C99563+2725219]
	Ordinal0 [0x00B98551+1672529]
	Ordinal0 [0x00A80359+525145]
	Ordinal0 [0x00A78579+492921]
	Ordinal0 [0x00A7818C+491916]
	Ordinal0 [0x00A77AB8+490168]
	Ordinal0 [0x00A76EFE+487166]
	Ordinal0 [0x00A77135+487733]
	Ordinal0 [0x00A76B75+486261]
	Ordinal0 [0x00A7F055+520277]
	Ordinal0 [0x00A76B32+486194]
	Ordinal0 [0x00A77739+489273]
	Ordinal0 [0x00A76EFE+487166]
	Ordinal0 [0x00A77135+487733]
	Ordinal0 [0x00A76B75+486261]
	Ordinal0 [0x00A7D83E+514110]
	Ordinal0 [0x00A76B32+486194]
	Ordinal0 [0x00A77739+489273]
	Ordinal0 [0x00A76EFE+487166]
	Ordinal0 [0x00A77135+487733]
	Ordinal0 [0x00A76B75+486261]
	Ordinal0 [0x00A7BBF6+506870]
	Ordinal0 [0x00A76B32+486194]
	Ordinal0 [0x00A77739+489273]
	Ordinal0 [0x00A76EFE+487166]
	Ordinal0 [0x00A77135+487733]
	Ordinal0 [0x00A76B75+486261]
	Ordinal0 [0x00A7B1B7+504247]
	Ordinal0 [0x00A76B32+486194]
	Ordinal0 [0x00A77739+489273]
	Ordinal0 [0x00A76EFE+487166]
	Ordinal0 [0x00A77135+487733]
	Ordinal0 [0x00A76B75+486261]
	Ordinal0 [0x00A7337C+471932]
	Ordinal0 [0x00A76B32+486194]
	Ordinal0 [0x00A76A87+486023]
	Ordinal0 [0x00A80FF0+528368]
	Ordinal0 [0x00A2D6C9+186057]
	Ordinal0 [0x00A2CA3D+182845]
	Ordinal0 [0x00A2A94B+174411]
	Ordinal0 [0x00A12528+75048]
	Ordinal0 [0x00A135A0+79264]
	Ordinal0 [0x00A13539+79161]
	Ordinal0 [0x00BAD607+1758727]
	GetHandleVerifier [0x00DB6546+1050150]
	GetHandleVerifier [0x00DB6291+1049457]
	GetHandleVerifier [0x00DC10D7+1094071]
	GetHandleVerifier [0x00DB6B46+1051686]
	Ordinal0 [0x00BA5B06+1727238]
	Ordinal0 [0x00BAEB7B+1764219]
	Ordinal0 [0x00BAECE3+1764579]
	Ordinal0 [0x00BC4C05+1854469]
	BaseThreadInitThunk [0x758B6359+25]
	RtlGetAppContainerNamedObjectPath [0x77A97C24+228]
	RtlGetAppContainerNamedObjectPath [0x77A97BF4+180]
">
      <![CDATA[org.openqa.selenium.SessionNotCreatedException: session not created
from disconnected: received Inspector.detached event
  (Session info: chrome=84.0.4147.125)
Build info: version: '3.141.59', revision: 'e82be7d358', time: '2018-11-14T08:17:03'
System info: host: 'FOREVISION', ip: '192.168.0.117', os.name: 'Windows 10', os.arch: 'amd64', os.version: '10.0', java.version: '1.8.0_241'
Driver info: driver.version: ChromeDriver
remote stacktrace: Backtrace:
Ordinal0 [0x00C99563+2725219]
Ordinal0 [0x00B98551+1672529]
Ordinal0 [0x00A80359+525145]
Ordinal0 [0x00A78579+492921]
Ordinal0 [0x00A7818C+491916]
Ordinal0 [0x00A77AB8+490168]
Ordinal0 [0x00A76EFE+487166]
Ordinal0 [0x00A77135+487733]
Ordinal0 [0x00A76B75+486261]
Ordinal0 [0x00A7F055+520277]
Ordinal0 [0x00A76B32+486194]
Ordinal0 [0x00A77739+489273]
Ordinal0 [0x00A76EFE+487166]
Ordinal0 [0x00A77135+487733]
Ordinal0 [0x00A76B75+486261]
Ordinal0 [0x00A7D83E+514110]
Ordinal0 [0x00A76B32+486194]
Ordinal0 [0x00A77739+489273]
Ordinal0 [0x00A76EFE+487166]
Ordinal0 [0x00A77135+487733]
Ordinal0 [0x00A76B75+486261]
Ordinal0 [0x00A7BBF6+506870]
Ordinal0 [0x00A76B32+486194]
Ordinal0 [0x00A77739+489273]
Ordinal0 [0x00A76EFE+487166]
Ordinal0 [0x00A77135+487733]
Ordinal0 [0x00A76B75+486261]
Ordinal0 [0x00A7B1B7+504247]
Ordinal0 [0x00A76B32+486194]
Ordinal0 [0x00A77739+489273]
Ordinal0 [0x00A76EFE+487166]
Ordinal0 [0x00A77135+487733]
Ordinal0 [0x00A76B75+486261]
Ordinal0 [0x00A7337C+471932]
Ordinal0 [0x00A76B32+486194]
Ordinal0 [0x00A76A87+486023]
Ordinal0 [0x00A80FF0+528368]
Ordinal0 [0x00A2D6C9+186057]
Ordinal0 [0x00A2CA3D+182845]
Ordinal0 [0x00A2A94B+174411]
Ordinal0 [0x00A12528+75048]
Ordinal0 [0x00A135A0+79264]
Ordinal0 [0x00A13539+79161]
Ordinal0 [0x00BAD607+1758727]
GetHandleVerifier [0x00DB6546+1050150]
GetHandleVerifier [0x00DB6291+1049457]
GetHandleVerifier [0x00DC10D7+1094071]
GetHandleVerifier [0x00DB6B46+1051686]
Ordinal0 [0x00BA5B06+1727238]
Ordinal0 [0x00BAEB7B+1764219]
Ordinal0 [0x00BAECE3+1764579]
Ordinal0 [0x00BC4C05+1854469]
BaseThreadInitThunk [0x758B6359+25]
RtlGetAppContainerNamedObjectPath [0x77A97C24+228]
RtlGetAppContainerNamedObjectPath [0x77A97BF4+180]

at sun.reflect.NativeConstructorAccessorImpl.newInstance0(Native Method)
at sun.reflect.NativeConstructorAccessorImpl.newInstance(NativeConstructorAccessorImpl.java:62)
at sun.reflect.DelegatingConstructorAccessorImpl.newInstance(DelegatingConstructorAccessorImpl.java:45)
at java.lang.reflect.Constructor.newInstance(Constructor.java:423)
at org.openqa.selenium.remote.W3CHandshakeResponse.lambda$errorHandler$0(W3CHandshakeResponse.java:62)
at org.openqa.selenium.remote.HandshakeResponse.lambda$getResponseFunction$0(HandshakeResponse.java:30)
at org.openqa.selenium.remote.ProtocolHandshake.lambda$createSession$0(ProtocolHandshake.java:126)
at java.util.stream.ReferencePipeline$3$1.accept(ReferencePipeline.java:193)
at java.util.Spliterators$ArraySpliterator.tryAdvance(Spliterators.java:958)
at java.util.stream.ReferencePipeline.forEachWithCancel(ReferencePipeline.java:126)
at java.util.stream.AbstractPipeline.copyIntoWithCancel(AbstractPipeline.java:499)
at java.util.stream.AbstractPipeline.copyInto(AbstractPipeline.java:486)
at java.util.stream.AbstractPipeline.wrapAndCopyInto(AbstractPipeline.java:472)
at java.util.stream.FindOps$FindOp.evaluateSequential(FindOps.java:152)
at java.util.stream.AbstractPipeline.evaluate(AbstractPipeline.java:234)
at java.util.stream.ReferencePipeline.findFirst(ReferencePipeline.java:464)
at org.openqa.selenium.remote.ProtocolHandshake.createSession(ProtocolHandshake.java:128)
at org.openqa.selenium.remote.ProtocolHandshake.createSession(ProtocolHandshake.java:74)
at org.openqa.selenium.remote.HttpCommandExecutor.execute(HttpCommandExecutor.java:136)
at org.openqa.selenium.remote.service.DriverCommandExecutor.execute(DriverCommandExecutor.java:83)
at org.openqa.selenium.remote.RemoteWebDriver.execute(RemoteWebDriver.java:552)
at org.openqa.selenium.remote.RemoteWebDriver.startSession(RemoteWebDriver.java:213)
at org.openqa.selenium.remote.RemoteWebDriver.<init>(RemoteWebDriver.java:131)
at org.openqa.selenium.chrome.ChromeDriver.<init>(ChromeDriver.java:181)
at org.openqa.selenium.chrome.ChromeDriver.<init>(ChromeDriver.java:168)
at org.openqa.selenium.chrome.ChromeDriver.<init>(ChromeDriver.java:123)
at com.Testlog4j.TestData.lanchBrowser(TestData.java:25)
at sun.reflect.NativeMethodAccessorImpl.invoke0(Native Method)
at sun.reflect.NativeMethodAccessorImpl.invoke(NativeMethodAccessorImpl.java:62)
at sun.reflect.DelegatingMethodAccessorImpl.invoke(DelegatingMethodAccessorImpl.java:43)
at java.lang.reflect.Method.invoke(Method.java:498)
at org.testng.internal.MethodInvocationHelper.invokeMethod(MethodInvocationHelper.java:133)
at org.testng.internal.MethodInvocationHelper.invokeMethodConsideringTimeout(MethodInvocationHelper.java:62)
at org.testng.internal.ConfigInvoker.invokeConfigurationMethod(ConfigInvoker.java:340)
at org.testng.internal.ConfigInvoker.invokeConfigurations(ConfigInvoker.java:294)
at org.testng.internal.TestMethodWorker.invokeBeforeClassMethods(TestMethodWorker.java:176)
at org.testng.internal.TestMethodWorker.run(TestMethodWorker.java:122)
at java.util.ArrayList.forEach(ArrayList.java:1257)
at org.testng.TestRunner.privateRun(TestRunner.java:770)
at org.testng.TestRunner.run(TestRunner.java:591)
at org.testng.SuiteRunner.runTest(SuiteRunner.java:402)
at org.testng.SuiteRunner.runSequentially(SuiteRunner.java:396)
at org.testng.SuiteRunner.privateRun(SuiteRunner.java:355)
at org.testng.SuiteRunner.run(SuiteRunner.java:304)
at org.testng.SuiteRunnerWorker.runSuite(SuiteRunnerWorker.java:53)
at org.testng.SuiteRunnerWorker.run(SuiteRunnerWorker.java:96)
at org.testng.TestNG.runSuitesSequentially(TestNG.java:1180)
at org.testng.TestNG.runSuitesLocally(TestNG.java:1102)
at org.testng.TestNG.runSuites(TestNG.java:1032)
at org.testng.TestNG.run(TestNG.java:1000)
at org.testng.remote.AbstractRemoteTestNG.run(AbstractRemoteTestNG.java:115)
at org.testng.remote.RemoteTestNG.initAndRun(RemoteTestNG.java:251)
at org.testng.remote.RemoteTestNG.main(RemoteTestNG.java:77)
]]>
    </error>
  </testcase> <!-- lanchBrowser -->
</testsuite> <!-- com.Testlog4j.TestData -->
