<?xml version="1.0" encoding="UTF-8"?>
<!-- Generated by org.testng.reporters.JUnitReportReporter -->
<testsuite skipped="0" hostname="ForeVision" name="com.Testlog4j.Test1" tests="2" failures="0" timestamp="2020-09-18T16:50:13 IST" time="12.068" errors="0">
  <testcase name="start" time="11.723" classname="com.Testlog4j.Test1"/>
  <testcase name="list" time="0.345" classname="com.Testlog4j.Test1"/>
</testsuite> <!-- com.Testlog4j.Test1 -->
