<?xml version="1.0" encoding="UTF-8"?>
<!-- Generated by org.testng.reporters.JUnitReportReporter -->
<testsuite skipped="0" hostname="ForeVision" name="com.Testlog4j.Test1" tests="2" failures="0" timestamp="2020-08-10T10:27:56 IST" time="10.101" errors="0">
  <testcase name="start" time="9.396" classname="com.Testlog4j.Test1"/>
  <testcase name="list" time="0.705" classname="com.Testlog4j.Test1"/>
</testsuite> <!-- com.Testlog4j.Test1 -->
